2021-04-19 05:14:41.530 - INFO - 8573 - azureml.train.automl._experiment_drivers.driver_utilities.modify_run_configuration:199 - Package azureml-train-automl missing from dependencies file.
2021-04-19 05:14:41.530 - INFO - 8573 - azureml.train.automl._experiment_drivers.driver_utilities.modify_run_configuration:205 - Using pinned version: azureml-train-automl==1.26.0.*
2021-04-19 05:14:41.531 - INFO - 8573 - azureml.train.automl._experiment_drivers.driver_utilities.modify_run_configuration:199 - Package pandas missing from dependencies file.
2021-04-19 05:14:41.531 - INFO - 8573 - azureml.train.automl._experiment_drivers.driver_utilities.modify_run_configuration:205 - Using pinned version: pandas==0.25.1
2021-04-19 05:14:41.531 - INFO - 8573 - azureml.train.automl._experiment_drivers.driver_utilities.modify_run_configuration:199 - Package psutil missing from dependencies file.
2021-04-19 05:14:41.531 - INFO - 8573 - azureml.train.automl._experiment_drivers.driver_utilities.modify_run_configuration:205 - Using pinned version: psutil>5.0.0,<6.0.0
2021-04-19 05:14:41.532 - INFO - 8573 - azureml.train.automl._experiment_drivers.driver_utilities.modify_run_configuration:199 - Package scikit-learn missing from dependencies file.
2021-04-19 05:14:41.532 - INFO - 8573 - azureml.train.automl._experiment_drivers.driver_utilities.modify_run_configuration:205 - Using pinned version: scikit-learn==0.22.1
2021-04-19 05:14:41.532 - INFO - 8573 - azureml.train.automl._experiment_drivers.driver_utilities.modify_run_configuration:199 - Package numpy missing from dependencies file.
2021-04-19 05:14:41.532 - INFO - 8573 - azureml.train.automl._experiment_drivers.driver_utilities.modify_run_configuration:205 - Using pinned version: numpy~=1.18.0
2021-04-19 05:14:41.533 - INFO - 8573 - azureml.train.automl._experiment_drivers.driver_utilities.modify_run_configuration:199 - Package py-xgboost missing from dependencies file.
2021-04-19 05:14:41.533 - INFO - 8573 - azureml.train.automl._experiment_drivers.driver_utilities.modify_run_configuration:205 - Using pinned version: py-xgboost<=0.90
2021-04-19 05:14:41.533 - INFO - 8573 - azureml.train.automl._experiment_drivers.driver_utilities.modify_run_configuration:199 - Package inference-schema missing from dependencies file.
2021-04-19 05:14:41.534 - INFO - 8573 - azureml.train.automl._experiment_drivers.driver_utilities.modify_run_configuration:199 - Package fbprophet missing from dependencies file.
2021-04-19 05:14:41.534 - INFO - 8573 - azureml.train.automl._experiment_drivers.driver_utilities.modify_run_configuration:205 - Using pinned version: fbprophet==0.5
2021-04-19 05:14:41.534 - INFO - 8573 - azureml.train.automl._experiment_drivers.driver_utilities.modify_run_configuration:199 - Package setuptools-git missing from dependencies file.
2021-04-19 05:14:41.534 - INFO - 8573 - azureml.train.automl._experiment_drivers.driver_utilities.modify_run_configuration:209 - Using installed version: setuptools-git==1.2
2021-04-19 05:14:41.536 - INFO - 8573 - azureml.automl.core.dataset_utilities._save_datasets_to_json:131 - JSON serialization of input of type <class 'NoneType'> is un-supported.
2021-04-19 05:14:41.536 - INFO - 8573 - azureml.automl.core.dataset_utilities._save_datasets_to_json:131 - JSON serialization of input of type <class 'NoneType'> is un-supported.
2021-04-19 05:14:41.537 - INFO - 8573 - azureml.train.automl._experiment_drivers.driver_utilities.validate_input:124 - Start data validation.
2021-04-19 05:14:43.551 - INFO - 8573 - azureml.train.automl._experiment_drivers.driver_utilities.validate_input:137 - Validation service found the data has no errors.
2021-04-19 05:14:43.551 - INFO - 8573 - azureml.train.automl._experiment_drivers.driver_utilities.create_remote_parent_run:381 - Start creating parent run.
2021-04-19 05:14:44.374 - INFO - 8573 - azureml.train.automl._experiment_drivers.driver_utilities.create_remote_parent_run:401 - [ParentRunID:AutoML_4d9148a5-c041-4e96-a3d9-557b261db721] Remote run using input X and y.
2021-04-19 05:14:44.716 - INFO - 8573 - azureml.train.automl._experiment_drivers.driver_utilities.start_remote_run:336 - Starting a snapshot run (snapshot_id : None)
